{"/Users/pclink/Documents/BootcampRocketseat/fundamentos-dev/appgobarber/src/components/Button/index.tsx": {"path":"/Users/pclink/Documents/BootcampRocketseat/fundamentos-dev/appgobarber/src/components/Button/index.tsx","statementMap":{"0":{"start":{"line":10,"column":37},"end":{"line":18,"column":1}},"1":{"start":{"line":11,"column":4},"end":{"line":17,"column":6}}},"fnMap":{"0":{"name":"(anonymous_0)","decl":{"start":{"line":10,"column":37},"end":{"line":10,"column":38}},"loc":{"start":{"line":10,"column":64},"end":{"line":18,"column":1}},"line":10}},"branchMap":{},"s":{"0":1,"1":1},"f":{"0":1},"b":{},"_coverageSchema":"1a1c01bbd47fc00a2c39e90264f33305004495a9","hash":"38b00673672e312c73afc2668fd0886a5096e59b"}
,"/Users/pclink/Documents/BootcampRocketseat/fundamentos-dev/appgobarber/src/components/Input/index.tsx": {"path":"/Users/pclink/Documents/BootcampRocketseat/fundamentos-dev/appgobarber/src/components/Input/index.tsx","statementMap":{"0":{"start":{"line":21,"column":68},"end":{"line":84,"column":1}},"1":{"start":{"line":22,"column":28},"end":{"line":22,"column":45}},"2":{"start":{"line":24,"column":67},"end":{"line":24,"column":81}},"3":{"start":{"line":25,"column":26},"end":{"line":25,"column":78}},"4":{"start":{"line":27,"column":38},"end":{"line":27,"column":53}},"5":{"start":{"line":28,"column":36},"end":{"line":28,"column":51}},"6":{"start":{"line":30,"column":29},"end":{"line":32,"column":10}},"7":{"start":{"line":31,"column":8},"end":{"line":31,"column":27}},"8":{"start":{"line":34,"column":28},"end":{"line":38,"column":10}},"9":{"start":{"line":35,"column":8},"end":{"line":35,"column":28}},"10":{"start":{"line":37,"column":8},"end":{"line":37,"column":51}},"11":{"start":{"line":40,"column":4},"end":{"line":44,"column":7}},"12":{"start":{"line":40,"column":36},"end":{"line":44,"column":5}},"13":{"start":{"line":42,"column":12},"end":{"line":42,"column":44}},"14":{"start":{"line":46,"column":4},"end":{"line":60,"column":35}},"15":{"start":{"line":47,"column":8},"end":{"line":59,"column":10}},"16":{"start":{"line":52,"column":16},"end":{"line":52,"column":52}},"17":{"start":{"line":53,"column":16},"end":{"line":53,"column":72}},"18":{"start":{"line":56,"column":16},"end":{"line":56,"column":49}},"19":{"start":{"line":57,"column":16},"end":{"line":57,"column":48}},"20":{"start":{"line":62,"column":4},"end":{"line":83,"column":6}},"21":{"start":{"line":78,"column":20},"end":{"line":78,"column":56}}},"fnMap":{"0":{"name":"(anonymous_0)","decl":{"start":{"line":21,"column":68},"end":{"line":21,"column":69}},"loc":{"start":{"line":21,"column":123},"end":{"line":84,"column":1}},"line":21},"1":{"name":"(anonymous_1)","decl":{"start":{"line":30,"column":41},"end":{"line":30,"column":42}},"loc":{"start":{"line":30,"column":47},"end":{"line":32,"column":5}},"line":30},"2":{"name":"(anonymous_2)","decl":{"start":{"line":34,"column":40},"end":{"line":34,"column":41}},"loc":{"start":{"line":34,"column":46},"end":{"line":38,"column":5}},"line":34},"3":{"name":"(anonymous_3)","decl":{"start":{"line":40,"column":29},"end":{"line":40,"column":30}},"loc":{"start":{"line":40,"column":36},"end":{"line":44,"column":5}},"line":40},"4":{"name":"(anonymous_4)","decl":{"start":{"line":41,"column":8},"end":{"line":41,"column":9}},"loc":{"start":{"line":41,"column":16},"end":{"line":43,"column":9}},"line":41},"5":{"name":"(anonymous_5)","decl":{"start":{"line":46,"column":14},"end":{"line":46,"column":15}},"loc":{"start":{"line":46,"column":20},"end":{"line":60,"column":5}},"line":46},"6":{"name":"(anonymous_6)","decl":{"start":{"line":51,"column":12},"end":{"line":51,"column":13}},"loc":{"start":{"line":51,"column":38},"end":{"line":54,"column":13}},"line":51},"7":{"name":"(anonymous_7)","decl":{"start":{"line":55,"column":12},"end":{"line":55,"column":13}},"loc":{"start":{"line":55,"column":25},"end":{"line":58,"column":13}},"line":55},"8":{"name":"(anonymous_8)","decl":{"start":{"line":77,"column":30},"end":{"line":77,"column":31}},"loc":{"start":{"line":77,"column":41},"end":{"line":79,"column":17}},"line":77}},"branchMap":{"0":{"loc":{"start":{"line":21,"column":83},"end":{"line":21,"column":102}},"type":"default-arg","locations":[{"start":{"line":21,"column":100},"end":{"line":21,"column":102}}],"line":21},"1":{"loc":{"start":{"line":24,"column":27},"end":{"line":24,"column":44}},"type":"default-arg","locations":[{"start":{"line":24,"column":42},"end":{"line":24,"column":44}}],"line":24},"2":{"loc":{"start":{"line":67,"column":23},"end":{"line":67,"column":68}},"type":"cond-expr","locations":[{"start":{"line":67,"column":47},"end":{"line":67,"column":56}},{"start":{"line":67,"column":59},"end":{"line":67,"column":68}}],"line":67},"3":{"loc":{"start":{"line":67,"column":23},"end":{"line":67,"column":44}},"type":"binary-expr","locations":[{"start":{"line":67,"column":23},"end":{"line":67,"column":32}},{"start":{"line":67,"column":36},"end":{"line":67,"column":44}}],"line":67}},"s":{"0":1,"1":2,"2":2,"3":2,"4":2,"5":2,"6":2,"7":0,"8":2,"9":0,"10":0,"11":2,"12":1,"13":0,"14":2,"15":2,"16":0,"17":0,"18":0,"19":0,"20":2,"21":0},"f":{"0":2,"1":0,"2":0,"3":1,"4":0,"5":2,"6":0,"7":0,"8":0},"b":{"0":[2],"1":[2],"2":[0,2],"3":[2,2]},"_coverageSchema":"1a1c01bbd47fc00a2c39e90264f33305004495a9","hash":"678c304eae7a185e5bd13556e5e55d83bdd4f6e9"}
,"/Users/pclink/Documents/BootcampRocketseat/fundamentos-dev/appgobarber/src/hooks/Auth.tsx": {"path":"/Users/pclink/Documents/BootcampRocketseat/fundamentos-dev/appgobarber/src/hooks/Auth.tsx","statementMap":{"0":{"start":{"line":30,"column":20},"end":{"line":30,"column":73}},"1":{"start":{"line":32,"column":31},"end":{"line":96,"column":1}},"2":{"start":{"line":34,"column":26},"end":{"line":34,"column":62}},"3":{"start":{"line":35,"column":32},"end":{"line":35,"column":46}},"4":{"start":{"line":37,"column":2},"end":{"line":54,"column":9}},"5":{"start":{"line":39,"column":28},"end":{"line":42,"column":8}},"6":{"start":{"line":44,"column":6},"end":{"line":48,"column":7}},"7":{"start":{"line":45,"column":8},"end":{"line":45,"column":66}},"8":{"start":{"line":47,"column":8},"end":{"line":47,"column":64}},"9":{"start":{"line":50,"column":6},"end":{"line":50,"column":24}},"10":{"start":{"line":53,"column":4},"end":{"line":53,"column":22}},"11":{"start":{"line":56,"column":17},"end":{"line":73,"column":8}},"12":{"start":{"line":57,"column":21},"end":{"line":60,"column":6}},"13":{"start":{"line":62,"column":28},"end":{"line":62,"column":41}},"14":{"start":{"line":64,"column":4},"end":{"line":67,"column":7}},"15":{"start":{"line":69,"column":4},"end":{"line":69,"column":59}},"16":{"start":{"line":71,"column":4},"end":{"line":71,"column":29}},"17":{"start":{"line":75,"column":18},"end":{"line":80,"column":8}},"18":{"start":{"line":77,"column":4},"end":{"line":77,"column":73}},"19":{"start":{"line":79,"column":4},"end":{"line":79,"column":29}},"20":{"start":{"line":82,"column":21},"end":{"line":89,"column":27}},"21":{"start":{"line":83,"column":4},"end":{"line":83,"column":71}},"22":{"start":{"line":85,"column":4},"end":{"line":88,"column":7}},"23":{"start":{"line":91,"column":2},"end":{"line":95,"column":4}},"24":{"start":{"line":99,"column":18},"end":{"line":99,"column":41}},"25":{"start":{"line":101,"column":2},"end":{"line":103,"column":3}},"26":{"start":{"line":102,"column":4},"end":{"line":102,"column":67}},"27":{"start":{"line":105,"column":2},"end":{"line":105,"column":17}}},"fnMap":{"0":{"name":"(anonymous_0)","decl":{"start":{"line":32,"column":31},"end":{"line":32,"column":32}},"loc":{"start":{"line":32,"column":49},"end":{"line":96,"column":1}},"line":32},"1":{"name":"(anonymous_1)","decl":{"start":{"line":37,"column":12},"end":{"line":37,"column":13}},"loc":{"start":{"line":37,"column":18},"end":{"line":54,"column":3}},"line":37},"2":{"name":"loadStorageData","decl":{"start":{"line":38,"column":19},"end":{"line":38,"column":34}},"loc":{"start":{"line":38,"column":52},"end":{"line":51,"column":5}},"line":38},"3":{"name":"(anonymous_3)","decl":{"start":{"line":56,"column":29},"end":{"line":56,"column":30}},"loc":{"start":{"line":56,"column":60},"end":{"line":73,"column":3}},"line":56},"4":{"name":"(anonymous_4)","decl":{"start":{"line":75,"column":30},"end":{"line":75,"column":31}},"loc":{"start":{"line":75,"column":42},"end":{"line":80,"column":3}},"line":75},"5":{"name":"(anonymous_5)","decl":{"start":{"line":82,"column":33},"end":{"line":82,"column":34}},"loc":{"start":{"line":82,"column":55},"end":{"line":89,"column":3}},"line":82},"6":{"name":"useAuth","decl":{"start":{"line":98,"column":9},"end":{"line":98,"column":16}},"loc":{"start":{"line":98,"column":36},"end":{"line":106,"column":1}},"line":98}},"branchMap":{"0":{"loc":{"start":{"line":44,"column":6},"end":{"line":48,"column":7}},"type":"if","locations":[{"start":{"line":44,"column":6},"end":{"line":48,"column":7}},{"start":{"line":44,"column":6},"end":{"line":48,"column":7}}],"line":44},"1":{"loc":{"start":{"line":44,"column":9},"end":{"line":44,"column":28}},"type":"binary-expr","locations":[{"start":{"line":44,"column":9},"end":{"line":44,"column":17}},{"start":{"line":44,"column":21},"end":{"line":44,"column":28}}],"line":44},"2":{"loc":{"start":{"line":101,"column":2},"end":{"line":103,"column":3}},"type":"if","locations":[{"start":{"line":101,"column":2},"end":{"line":103,"column":3}},{"start":{"line":101,"column":2},"end":{"line":103,"column":3}}],"line":101}},"s":{"0":1,"1":1,"2":0,"3":0,"4":0,"5":0,"6":0,"7":0,"8":0,"9":0,"10":0,"11":0,"12":0,"13":0,"14":0,"15":0,"16":0,"17":0,"18":0,"19":0,"20":0,"21":0,"22":0,"23":0,"24":1,"25":1,"26":0,"27":1},"f":{"0":0,"1":0,"2":0,"3":0,"4":0,"5":0,"6":1},"b":{"0":[0,0],"1":[0,0],"2":[0,1]},"_coverageSchema":"1a1c01bbd47fc00a2c39e90264f33305004495a9","hash":"bde9dc85cdc86d988e16ea4a9a6c92188dd68d8d"}
,"/Users/pclink/Documents/BootcampRocketseat/fundamentos-dev/appgobarber/src/pages/AppointmentCreated/index.tsx": {"path":"/Users/pclink/Documents/BootcampRocketseat/fundamentos-dev/appgobarber/src/pages/AppointmentCreated/index.tsx","statementMap":{"0":{"start":{"line":19,"column":37},"end":{"line":56,"column":1}},"1":{"start":{"line":20,"column":22},"end":{"line":20,"column":37}},"2":{"start":{"line":21,"column":23},"end":{"line":21,"column":33}},"3":{"start":{"line":23,"column":24},"end":{"line":23,"column":45}},"4":{"start":{"line":25,"column":28},"end":{"line":34,"column":15}},"5":{"start":{"line":26,"column":8},"end":{"line":33,"column":10}},"6":{"start":{"line":36,"column":26},"end":{"line":42,"column":26}},"7":{"start":{"line":37,"column":8},"end":{"line":41,"column":14}},"8":{"start":{"line":44,"column":4},"end":{"line":55,"column":6}}},"fnMap":{"0":{"name":"(anonymous_0)","decl":{"start":{"line":19,"column":37},"end":{"line":19,"column":38}},"loc":{"start":{"line":19,"column":43},"end":{"line":56,"column":1}},"line":19},"1":{"name":"(anonymous_1)","decl":{"start":{"line":25,"column":40},"end":{"line":25,"column":41}},"loc":{"start":{"line":25,"column":46},"end":{"line":34,"column":5}},"line":25},"2":{"name":"(anonymous_2)","decl":{"start":{"line":36,"column":34},"end":{"line":36,"column":35}},"loc":{"start":{"line":36,"column":40},"end":{"line":42,"column":5}},"line":36}},"branchMap":{},"s":{"0":0,"1":0,"2":0,"3":0,"4":0,"5":0,"6":0,"7":0,"8":0},"f":{"0":0,"1":0,"2":0},"b":{}}
,"/Users/pclink/Documents/BootcampRocketseat/fundamentos-dev/appgobarber/src/pages/CreateAppointment/index.tsx": {"path":"/Users/pclink/Documents/BootcampRocketseat/fundamentos-dev/appgobarber/src/pages/CreateAppointment/index.tsx","statementMap":{"0":{"start":{"line":52,"column":36},"end":{"line":281,"column":1}},"1":{"start":{"line":53,"column":19},"end":{"line":53,"column":28}},"2":{"start":{"line":54,"column":16},"end":{"line":54,"column":26}},"3":{"start":{"line":55,"column":31},"end":{"line":55,"column":46}},"4":{"start":{"line":56,"column":22},"end":{"line":56,"column":49}},"5":{"start":{"line":58,"column":50},"end":{"line":60,"column":3}},"6":{"start":{"line":62,"column":22},"end":{"line":70,"column":8}},"7":{"start":{"line":63,"column":18},"end":{"line":63,"column":28}},"8":{"start":{"line":65,"column":4},"end":{"line":67,"column":5}},"9":{"start":{"line":66,"column":6},"end":{"line":66,"column":58}},"10":{"start":{"line":69,"column":4},"end":{"line":69,"column":17}},"11":{"start":{"line":72,"column":42},"end":{"line":72,"column":74}},"12":{"start":{"line":73,"column":46},"end":{"line":73,"column":61}},"13":{"start":{"line":74,"column":42},"end":{"line":74,"column":63}},"14":{"start":{"line":75,"column":42},"end":{"line":75,"column":53}},"15":{"start":{"line":76,"column":36},"end":{"line":76,"column":60}},"16":{"start":{"line":78,"column":2},"end":{"line":82,"column":9}},"17":{"start":{"line":79,"column":4},"end":{"line":81,"column":7}},"18":{"start":{"line":80,"column":6},"end":{"line":80,"column":34}},"19":{"start":{"line":84,"column":2},"end":{"line":96,"column":39}},"20":{"start":{"line":85,"column":4},"end":{"line":95,"column":9}},"21":{"start":{"line":94,"column":8},"end":{"line":94,"column":39}},"22":{"start":{"line":98,"column":23},"end":{"line":100,"column":8}},"23":{"start":{"line":99,"column":4},"end":{"line":99,"column":13}},"24":{"start":{"line":102,"column":31},"end":{"line":104,"column":8}},"25":{"start":{"line":103,"column":4},"end":{"line":103,"column":36}},"26":{"start":{"line":106,"column":33},"end":{"line":108,"column":8}},"27":{"start":{"line":107,"column":4},"end":{"line":107,"column":41}},"28":{"start":{"line":107,"column":33},"end":{"line":107,"column":39}},"29":{"start":{"line":110,"column":28},"end":{"line":121,"column":3}},"30":{"start":{"line":112,"column":6},"end":{"line":114,"column":7}},"31":{"start":{"line":113,"column":8},"end":{"line":113,"column":33}},"32":{"start":{"line":116,"column":6},"end":{"line":118,"column":7}},"33":{"start":{"line":117,"column":8},"end":{"line":117,"column":30}},"34":{"start":{"line":123,"column":27},"end":{"line":125,"column":8}},"35":{"start":{"line":124,"column":4},"end":{"line":124,"column":26}},"36":{"start":{"line":127,"column":34},"end":{"line":146,"column":62}},"37":{"start":{"line":128,"column":4},"end":{"line":145,"column":5}},"38":{"start":{"line":129,"column":19},"end":{"line":129,"column":41}},"39":{"start":{"line":131,"column":6},"end":{"line":131,"column":34}},"40":{"start":{"line":132,"column":6},"end":{"line":132,"column":25}},"41":{"start":{"line":134,"column":6},"end":{"line":137,"column":9}},"42":{"start":{"line":139,"column":6},"end":{"line":139,"column":63}},"43":{"start":{"line":141,"column":6},"end":{"line":144,"column":8}},"44":{"start":{"line":148,"column":30},"end":{"line":158,"column":20}},"45":{"start":{"line":149,"column":4},"end":{"line":157,"column":9}},"46":{"start":{"line":150,"column":28},"end":{"line":150,"column":37}},"47":{"start":{"line":152,"column":8},"end":{"line":156,"column":10}},"48":{"start":{"line":160,"column":32},"end":{"line":170,"column":20}},"49":{"start":{"line":161,"column":4},"end":{"line":169,"column":9}},"50":{"start":{"line":162,"column":28},"end":{"line":162,"column":38}},"51":{"start":{"line":164,"column":8},"end":{"line":168,"column":10}},"52":{"start":{"line":172,"column":2},"end":{"line":280,"column":4}},"53":{"start":{"line":190,"column":40},"end":{"line":190,"column":51}},"54":{"start":{"line":192,"column":14},"end":{"line":200,"column":34}},"55":{"start":{"line":193,"column":31},"end":{"line":193,"column":64}},"56":{"start":{"line":235,"column":16},"end":{"line":245,"column":23}},"57":{"start":{"line":240,"column":33},"end":{"line":240,"column":55}},"58":{"start":{"line":256,"column":18},"end":{"line":266,"column":25}},"59":{"start":{"line":261,"column":35},"end":{"line":261,"column":57}}},"fnMap":{"0":{"name":"(anonymous_0)","decl":{"start":{"line":52,"column":36},"end":{"line":52,"column":37}},"loc":{"start":{"line":52,"column":42},"end":{"line":281,"column":1}},"line":52},"1":{"name":"(anonymous_1)","decl":{"start":{"line":62,"column":30},"end":{"line":62,"column":31}},"loc":{"start":{"line":62,"column":36},"end":{"line":70,"column":3}},"line":62},"2":{"name":"(anonymous_2)","decl":{"start":{"line":78,"column":12},"end":{"line":78,"column":13}},"loc":{"start":{"line":78,"column":18},"end":{"line":82,"column":3}},"line":78},"3":{"name":"(anonymous_3)","decl":{"start":{"line":79,"column":30},"end":{"line":79,"column":31}},"loc":{"start":{"line":79,"column":44},"end":{"line":81,"column":5}},"line":79},"4":{"name":"(anonymous_4)","decl":{"start":{"line":84,"column":12},"end":{"line":84,"column":13}},"loc":{"start":{"line":84,"column":18},"end":{"line":96,"column":3}},"line":84},"5":{"name":"(anonymous_5)","decl":{"start":{"line":93,"column":12},"end":{"line":93,"column":13}},"loc":{"start":{"line":93,"column":26},"end":{"line":95,"column":7}},"line":93},"6":{"name":"(anonymous_6)","decl":{"start":{"line":98,"column":35},"end":{"line":98,"column":36}},"loc":{"start":{"line":98,"column":41},"end":{"line":100,"column":3}},"line":98},"7":{"name":"(anonymous_7)","decl":{"start":{"line":102,"column":43},"end":{"line":102,"column":44}},"loc":{"start":{"line":102,"column":67},"end":{"line":104,"column":3}},"line":102},"8":{"name":"(anonymous_8)","decl":{"start":{"line":106,"column":45},"end":{"line":106,"column":46}},"loc":{"start":{"line":106,"column":51},"end":{"line":108,"column":3}},"line":106},"9":{"name":"(anonymous_9)","decl":{"start":{"line":107,"column":22},"end":{"line":107,"column":23}},"loc":{"start":{"line":107,"column":33},"end":{"line":107,"column":39}},"line":107},"10":{"name":"(anonymous_10)","decl":{"start":{"line":111,"column":4},"end":{"line":111,"column":5}},"loc":{"start":{"line":111,"column":44},"end":{"line":119,"column":5}},"line":111},"11":{"name":"(anonymous_11)","decl":{"start":{"line":123,"column":39},"end":{"line":123,"column":40}},"loc":{"start":{"line":123,"column":57},"end":{"line":125,"column":3}},"line":123},"12":{"name":"(anonymous_12)","decl":{"start":{"line":127,"column":46},"end":{"line":127,"column":47}},"loc":{"start":{"line":127,"column":58},"end":{"line":146,"column":3}},"line":127},"13":{"name":"(anonymous_13)","decl":{"start":{"line":148,"column":38},"end":{"line":148,"column":39}},"loc":{"start":{"line":148,"column":44},"end":{"line":158,"column":3}},"line":148},"14":{"name":"(anonymous_14)","decl":{"start":{"line":150,"column":14},"end":{"line":150,"column":15}},"loc":{"start":{"line":150,"column":28},"end":{"line":150,"column":37}},"line":150},"15":{"name":"(anonymous_15)","decl":{"start":{"line":151,"column":11},"end":{"line":151,"column":12}},"loc":{"start":{"line":151,"column":36},"end":{"line":157,"column":7}},"line":151},"16":{"name":"(anonymous_16)","decl":{"start":{"line":160,"column":40},"end":{"line":160,"column":41}},"loc":{"start":{"line":160,"column":46},"end":{"line":170,"column":3}},"line":160},"17":{"name":"(anonymous_17)","decl":{"start":{"line":162,"column":14},"end":{"line":162,"column":15}},"loc":{"start":{"line":162,"column":28},"end":{"line":162,"column":38}},"line":162},"18":{"name":"(anonymous_18)","decl":{"start":{"line":163,"column":11},"end":{"line":163,"column":12}},"loc":{"start":{"line":163,"column":36},"end":{"line":169,"column":7}},"line":163},"19":{"name":"(anonymous_19)","decl":{"start":{"line":190,"column":26},"end":{"line":190,"column":27}},"loc":{"start":{"line":190,"column":40},"end":{"line":190,"column":51}},"line":190},"20":{"name":"(anonymous_20)","decl":{"start":{"line":191,"column":24},"end":{"line":191,"column":25}},"loc":{"start":{"line":192,"column":14},"end":{"line":200,"column":34}},"line":192},"21":{"name":"(anonymous_21)","decl":{"start":{"line":193,"column":25},"end":{"line":193,"column":26}},"loc":{"start":{"line":193,"column":31},"end":{"line":193,"column":64}},"line":193},"22":{"name":"(anonymous_22)","decl":{"start":{"line":234,"column":39},"end":{"line":234,"column":40}},"loc":{"start":{"line":235,"column":16},"end":{"line":245,"column":23}},"line":235},"23":{"name":"(anonymous_23)","decl":{"start":{"line":240,"column":27},"end":{"line":240,"column":28}},"loc":{"start":{"line":240,"column":33},"end":{"line":240,"column":55}},"line":240},"24":{"name":"(anonymous_24)","decl":{"start":{"line":255,"column":16},"end":{"line":255,"column":17}},"loc":{"start":{"line":256,"column":18},"end":{"line":266,"column":25}},"line":256},"25":{"name":"(anonymous_25)","decl":{"start":{"line":261,"column":29},"end":{"line":261,"column":30}},"loc":{"start":{"line":261,"column":35},"end":{"line":261,"column":57}},"line":261}},"branchMap":{"0":{"loc":{"start":{"line":65,"column":4},"end":{"line":67,"column":5}},"type":"if","locations":[{"start":{"line":65,"column":4},"end":{"line":67,"column":5}},{"start":{"line":65,"column":4},"end":{"line":67,"column":5}}],"line":65},"1":{"loc":{"start":{"line":112,"column":6},"end":{"line":114,"column":7}},"type":"if","locations":[{"start":{"line":112,"column":6},"end":{"line":114,"column":7}},{"start":{"line":112,"column":6},"end":{"line":114,"column":7}}],"line":112},"2":{"loc":{"start":{"line":116,"column":6},"end":{"line":118,"column":7}},"type":"if","locations":[{"start":{"line":116,"column":6},"end":{"line":118,"column":7}},{"start":{"line":116,"column":6},"end":{"line":118,"column":7}}],"line":116},"3":{"loc":{"start":{"line":214,"column":11},"end":{"line":224,"column":11}},"type":"binary-expr","locations":[{"start":{"line":214,"column":11},"end":{"line":214,"column":25}},{"start":{"line":215,"column":12},"end":{"line":223,"column":14}}],"line":214},"4":{"loc":{"start":{"line":216,"column":21},"end":{"line":216,"column":70}},"type":"binary-expr","locations":[{"start":{"line":216,"column":21},"end":{"line":216,"column":42}},{"start":{"line":216,"column":46},"end":{"line":216,"column":70}}],"line":216},"5":{"loc":{"start":{"line":219,"column":25},"end":{"line":219,"column":75}},"type":"cond-expr","locations":[{"start":{"line":219,"column":53},"end":{"line":219,"column":63}},{"start":{"line":219,"column":66},"end":{"line":219,"column":75}}],"line":219}},"s":{"0":0,"1":0,"2":0,"3":0,"4":0,"5":0,"6":0,"7":0,"8":0,"9":0,"10":0,"11":0,"12":0,"13":0,"14":0,"15":0,"16":0,"17":0,"18":0,"19":0,"20":0,"21":0,"22":0,"23":0,"24":0,"25":0,"26":0,"27":0,"28":0,"29":0,"30":0,"31":0,"32":0,"33":0,"34":0,"35":0,"36":0,"37":0,"38":0,"39":0,"40":0,"41":0,"42":0,"43":0,"44":0,"45":0,"46":0,"47":0,"48":0,"49":0,"50":0,"51":0,"52":0,"53":0,"54":0,"55":0,"56":0,"57":0,"58":0,"59":0},"f":{"0":0,"1":0,"2":0,"3":0,"4":0,"5":0,"6":0,"7":0,"8":0,"9":0,"10":0,"11":0,"12":0,"13":0,"14":0,"15":0,"16":0,"17":0,"18":0,"19":0,"20":0,"21":0,"22":0,"23":0,"24":0,"25":0},"b":{"0":[0,0],"1":[0,0],"2":[0,0],"3":[0,0],"4":[0,0],"5":[0,0]}}
,"/Users/pclink/Documents/BootcampRocketseat/fundamentos-dev/appgobarber/src/pages/Dashboard/index.tsx": {"path":"/Users/pclink/Documents/BootcampRocketseat/fundamentos-dev/appgobarber/src/pages/Dashboard/index.tsx","statementMap":{"0":{"start":{"line":31,"column":28},"end":{"line":99,"column":1}},"1":{"start":{"line":32,"column":38},"end":{"line":32,"column":62}},"2":{"start":{"line":34,"column":30},"end":{"line":34,"column":39}},"3":{"start":{"line":35,"column":25},"end":{"line":35,"column":40}},"4":{"start":{"line":37,"column":4},"end":{"line":37,"column":30}},"5":{"start":{"line":39,"column":4},"end":{"line":44,"column":10}},"6":{"start":{"line":40,"column":8},"end":{"line":43,"column":10}},"7":{"start":{"line":41,"column":12},"end":{"line":41,"column":40}},"8":{"start":{"line":46,"column":30},"end":{"line":49,"column":18}},"9":{"start":{"line":48,"column":8},"end":{"line":48,"column":28}},"10":{"start":{"line":51,"column":40},"end":{"line":53,"column":18}},"11":{"start":{"line":52,"column":8},"end":{"line":52,"column":54}},"12":{"start":{"line":55,"column":4},"end":{"line":98,"column":6}},"13":{"start":{"line":70,"column":42},"end":{"line":70,"column":53}},"14":{"start":{"line":75,"column":20},"end":{"line":92,"column":40}},"15":{"start":{"line":75,"column":55},"end":{"line":75,"column":95}}},"fnMap":{"0":{"name":"(anonymous_0)","decl":{"start":{"line":31,"column":28},"end":{"line":31,"column":29}},"loc":{"start":{"line":31,"column":34},"end":{"line":99,"column":1}},"line":31},"1":{"name":"(anonymous_1)","decl":{"start":{"line":39,"column":14},"end":{"line":39,"column":15}},"loc":{"start":{"line":39,"column":20},"end":{"line":44,"column":5}},"line":39},"2":{"name":"(anonymous_2)","decl":{"start":{"line":40,"column":34},"end":{"line":40,"column":35}},"loc":{"start":{"line":40,"column":46},"end":{"line":43,"column":9}},"line":40},"3":{"name":"(anonymous_3)","decl":{"start":{"line":46,"column":42},"end":{"line":46,"column":43}},"loc":{"start":{"line":46,"column":48},"end":{"line":49,"column":5}},"line":46},"4":{"name":"(anonymous_4)","decl":{"start":{"line":51,"column":52},"end":{"line":51,"column":53}},"loc":{"start":{"line":51,"column":76},"end":{"line":53,"column":5}},"line":51},"5":{"name":"(anonymous_5)","decl":{"start":{"line":70,"column":30},"end":{"line":70,"column":31}},"loc":{"start":{"line":70,"column":42},"end":{"line":70,"column":53}},"line":70},"6":{"name":"(anonymous_6)","decl":{"start":{"line":74,"column":28},"end":{"line":74,"column":29}},"loc":{"start":{"line":75,"column":20},"end":{"line":92,"column":40}},"line":75},"7":{"name":"(anonymous_7)","decl":{"start":{"line":75,"column":49},"end":{"line":75,"column":50}},"loc":{"start":{"line":75,"column":55},"end":{"line":75,"column":95}},"line":75}},"branchMap":{},"s":{"0":0,"1":0,"2":0,"3":0,"4":0,"5":0,"6":0,"7":0,"8":0,"9":0,"10":0,"11":0,"12":0,"13":0,"14":0,"15":0},"f":{"0":0,"1":0,"2":0,"3":0,"4":0,"5":0,"6":0,"7":0},"b":{}}
,"/Users/pclink/Documents/BootcampRocketseat/fundamentos-dev/appgobarber/src/pages/Dashboard/styles.tsx": {"path":"/Users/pclink/Documents/BootcampRocketseat/fundamentos-dev/appgobarber/src/pages/Dashboard/styles.tsx","statementMap":{"0":{"start":{"line":7,"column":25},"end":{"line":9,"column":1}},"1":{"start":{"line":11,"column":22},"end":{"line":19,"column":1}},"2":{"start":{"line":23,"column":27},"end":{"line":28,"column":1}},"3":{"start":{"line":30,"column":24},"end":{"line":33,"column":1}},"4":{"start":{"line":35,"column":29},"end":{"line":36,"column":1}},"5":{"start":{"line":38,"column":26},"end":{"line":42,"column":1}},"6":{"start":{"line":44,"column":29},"end":{"line":46,"column":1}},"7":{"start":{"line":48,"column":34},"end":{"line":53,"column":1}},"8":{"start":{"line":55,"column":33},"end":{"line":62,"column":1}},"9":{"start":{"line":64,"column":30},"end":{"line":68,"column":1}},"10":{"start":{"line":70,"column":28},"end":{"line":73,"column":1}},"11":{"start":{"line":75,"column":28},"end":{"line":79,"column":1}},"12":{"start":{"line":81,"column":28},"end":{"line":85,"column":1}},"13":{"start":{"line":87,"column":32},"end":{"line":91,"column":1}}},"fnMap":{},"branchMap":{},"s":{"0":0,"1":0,"2":0,"3":0,"4":0,"5":0,"6":0,"7":0,"8":0,"9":0,"10":0,"11":0,"12":0,"13":0},"f":{},"b":{}}
,"/Users/pclink/Documents/BootcampRocketseat/fundamentos-dev/appgobarber/src/pages/Profile/index.tsx": {"path":"/Users/pclink/Documents/BootcampRocketseat/fundamentos-dev/appgobarber/src/pages/Profile/index.tsx","statementMap":{"0":{"start":{"line":42,"column":26},"end":{"line":259,"column":1}},"1":{"start":{"line":43,"column":31},"end":{"line":43,"column":40}},"2":{"start":{"line":44,"column":18},"end":{"line":44,"column":43}},"3":{"start":{"line":45,"column":21},"end":{"line":45,"column":36}},"4":{"start":{"line":47,"column":24},"end":{"line":47,"column":47}},"5":{"start":{"line":48,"column":30},"end":{"line":48,"column":53}},"6":{"start":{"line":49,"column":27},"end":{"line":49,"column":50}},"7":{"start":{"line":50,"column":34},"end":{"line":50,"column":57}},"8":{"start":{"line":52,"column":23},"end":{"line":122,"column":3}},"9":{"start":{"line":54,"column":6},"end":{"line":119,"column":7}},"10":{"start":{"line":55,"column":8},"end":{"line":55,"column":39}},"11":{"start":{"line":56,"column":23},"end":{"line":74,"column":10}},"12":{"start":{"line":63,"column":25},"end":{"line":63,"column":37}},"13":{"start":{"line":69,"column":27},"end":{"line":69,"column":39}},"14":{"start":{"line":76,"column":8},"end":{"line":78,"column":11}},"15":{"start":{"line":86,"column":12},"end":{"line":86,"column":16}},"16":{"start":{"line":88,"column":25},"end":{"line":98,"column":9}},"17":{"start":{"line":100,"column":25},"end":{"line":100,"column":60}},"18":{"start":{"line":101,"column":8},"end":{"line":101,"column":34}},"19":{"start":{"line":103,"column":8},"end":{"line":103,"column":61}},"20":{"start":{"line":105,"column":8},"end":{"line":105,"column":28}},"21":{"start":{"line":108,"column":8},"end":{"line":113,"column":9}},"22":{"start":{"line":109,"column":25},"end":{"line":109,"column":49}},"23":{"start":{"line":110,"column":10},"end":{"line":110,"column":45}},"24":{"start":{"line":112,"column":10},"end":{"line":112,"column":17}},"25":{"start":{"line":115,"column":8},"end":{"line":118,"column":10}},"26":{"start":{"line":124,"column":29},"end":{"line":150,"column":27}},"27":{"start":{"line":125,"column":4},"end":{"line":149,"column":6}},"28":{"start":{"line":128,"column":8},"end":{"line":130,"column":9}},"29":{"start":{"line":129,"column":12},"end":{"line":129,"column":19}},"30":{"start":{"line":132,"column":8},"end":{"line":135,"column":9}},"31":{"start":{"line":133,"column":12},"end":{"line":133,"column":60}},"32":{"start":{"line":134,"column":12},"end":{"line":134,"column":19}},"33":{"start":{"line":137,"column":21},"end":{"line":137,"column":35}},"34":{"start":{"line":139,"column":8},"end":{"line":143,"column":11}},"35":{"start":{"line":145,"column":8},"end":{"line":147,"column":11}},"36":{"start":{"line":146,"column":12},"end":{"line":146,"column":41}},"37":{"start":{"line":152,"column":23},"end":{"line":154,"column":18}},"38":{"start":{"line":153,"column":4},"end":{"line":153,"column":24}},"39":{"start":{"line":156,"column":2},"end":{"line":258,"column":4}},"40":{"start":{"line":188,"column":18},"end":{"line":188,"column":49}},"41":{"start":{"line":202,"column":18},"end":{"line":202,"column":55}},"42":{"start":{"line":216,"column":18},"end":{"line":216,"column":52}},"43":{"start":{"line":229,"column":18},"end":{"line":229,"column":59}},"44":{"start":{"line":242,"column":18},"end":{"line":242,"column":48}},"45":{"start":{"line":248,"column":18},"end":{"line":248,"column":48}}},"fnMap":{"0":{"name":"(anonymous_0)","decl":{"start":{"line":42,"column":26},"end":{"line":42,"column":27}},"loc":{"start":{"line":42,"column":32},"end":{"line":259,"column":1}},"line":42},"1":{"name":"(anonymous_1)","decl":{"start":{"line":53,"column":4},"end":{"line":53,"column":5}},"loc":{"start":{"line":53,"column":37},"end":{"line":120,"column":5}},"line":53},"2":{"name":"(anonymous_2)","decl":{"start":{"line":63,"column":16},"end":{"line":63,"column":17}},"loc":{"start":{"line":63,"column":25},"end":{"line":63,"column":37}},"line":63},"3":{"name":"(anonymous_3)","decl":{"start":{"line":69,"column":18},"end":{"line":69,"column":19}},"loc":{"start":{"line":69,"column":27},"end":{"line":69,"column":39}},"line":69},"4":{"name":"(anonymous_4)","decl":{"start":{"line":124,"column":41},"end":{"line":124,"column":42}},"loc":{"start":{"line":124,"column":47},"end":{"line":150,"column":3}},"line":124},"5":{"name":"(anonymous_5)","decl":{"start":{"line":127,"column":7},"end":{"line":127,"column":8}},"loc":{"start":{"line":127,"column":19},"end":{"line":149,"column":5}},"line":127},"6":{"name":"(anonymous_6)","decl":{"start":{"line":145,"column":45},"end":{"line":145,"column":46}},"loc":{"start":{"line":145,"column":60},"end":{"line":147,"column":9}},"line":145},"7":{"name":"(anonymous_7)","decl":{"start":{"line":152,"column":35},"end":{"line":152,"column":36}},"loc":{"start":{"line":152,"column":41},"end":{"line":154,"column":3}},"line":152},"8":{"name":"(anonymous_8)","decl":{"start":{"line":187,"column":33},"end":{"line":187,"column":34}},"loc":{"start":{"line":187,"column":39},"end":{"line":189,"column":17}},"line":187},"9":{"name":"(anonymous_9)","decl":{"start":{"line":201,"column":33},"end":{"line":201,"column":34}},"loc":{"start":{"line":201,"column":39},"end":{"line":203,"column":17}},"line":201},"10":{"name":"(anonymous_10)","decl":{"start":{"line":215,"column":33},"end":{"line":215,"column":34}},"loc":{"start":{"line":215,"column":39},"end":{"line":217,"column":17}},"line":215},"11":{"name":"(anonymous_11)","decl":{"start":{"line":228,"column":33},"end":{"line":228,"column":34}},"loc":{"start":{"line":228,"column":39},"end":{"line":230,"column":17}},"line":228},"12":{"name":"(anonymous_12)","decl":{"start":{"line":241,"column":33},"end":{"line":241,"column":34}},"loc":{"start":{"line":241,"column":39},"end":{"line":243,"column":17}},"line":241},"13":{"name":"(anonymous_13)","decl":{"start":{"line":247,"column":25},"end":{"line":247,"column":26}},"loc":{"start":{"line":247,"column":31},"end":{"line":249,"column":17}},"line":247}},"branchMap":{"0":{"loc":{"start":{"line":91,"column":14},"end":{"line":97,"column":16}},"type":"cond-expr","locations":[{"start":{"line":92,"column":14},"end":{"line":96,"column":15}},{"start":{"line":97,"column":14},"end":{"line":97,"column":16}}],"line":91},"1":{"loc":{"start":{"line":108,"column":8},"end":{"line":113,"column":9}},"type":"if","locations":[{"start":{"line":108,"column":8},"end":{"line":113,"column":9}},{"start":{"line":108,"column":8},"end":{"line":113,"column":9}}],"line":108},"2":{"loc":{"start":{"line":128,"column":8},"end":{"line":130,"column":9}},"type":"if","locations":[{"start":{"line":128,"column":8},"end":{"line":130,"column":9}},{"start":{"line":128,"column":8},"end":{"line":130,"column":9}}],"line":128},"3":{"loc":{"start":{"line":132,"column":8},"end":{"line":135,"column":9}},"type":"if","locations":[{"start":{"line":132,"column":8},"end":{"line":135,"column":9}},{"start":{"line":132,"column":8},"end":{"line":135,"column":9}}],"line":132},"4":{"loc":{"start":{"line":160,"column":18},"end":{"line":160,"column":63}},"type":"cond-expr","locations":[{"start":{"line":160,"column":42},"end":{"line":160,"column":51}},{"start":{"line":160,"column":54},"end":{"line":160,"column":63}}],"line":160}},"s":{"0":0,"1":0,"2":0,"3":0,"4":0,"5":0,"6":0,"7":0,"8":0,"9":0,"10":0,"11":0,"12":0,"13":0,"14":0,"15":0,"16":0,"17":0,"18":0,"19":0,"20":0,"21":0,"22":0,"23":0,"24":0,"25":0,"26":0,"27":0,"28":0,"29":0,"30":0,"31":0,"32":0,"33":0,"34":0,"35":0,"36":0,"37":0,"38":0,"39":0,"40":0,"41":0,"42":0,"43":0,"44":0,"45":0},"f":{"0":0,"1":0,"2":0,"3":0,"4":0,"5":0,"6":0,"7":0,"8":0,"9":0,"10":0,"11":0,"12":0,"13":0},"b":{"0":[0,0],"1":[0,0],"2":[0,0],"3":[0,0],"4":[0,0]}}
,"/Users/pclink/Documents/BootcampRocketseat/fundamentos-dev/appgobarber/src/pages/SignIn/index.tsx": {"path":"/Users/pclink/Documents/BootcampRocketseat/fundamentos-dev/appgobarber/src/pages/SignIn/index.tsx","statementMap":{"0":{"start":{"line":41,"column":25},"end":{"line":157,"column":1}},"1":{"start":{"line":42,"column":18},"end":{"line":42,"column":43}},"2":{"start":{"line":43,"column":27},"end":{"line":43,"column":50}},"3":{"start":{"line":44,"column":21},"end":{"line":44,"column":36}},"4":{"start":{"line":46,"column":21},"end":{"line":46,"column":30}},"5":{"start":{"line":48,"column":23},"end":{"line":85,"column":3}},"6":{"start":{"line":50,"column":6},"end":{"line":82,"column":7}},"7":{"start":{"line":51,"column":8},"end":{"line":51,"column":39}},"8":{"start":{"line":52,"column":23},"end":{"line":57,"column":10}},"9":{"start":{"line":59,"column":8},"end":{"line":61,"column":11}},"10":{"start":{"line":63,"column":8},"end":{"line":66,"column":11}},"11":{"start":{"line":71,"column":8},"end":{"line":76,"column":9}},"12":{"start":{"line":72,"column":25},"end":{"line":72,"column":49}},"13":{"start":{"line":73,"column":10},"end":{"line":73,"column":45}},"14":{"start":{"line":75,"column":10},"end":{"line":75,"column":17}},"15":{"start":{"line":78,"column":8},"end":{"line":81,"column":10}},"16":{"start":{"line":87,"column":2},"end":{"line":156,"column":4}},"17":{"start":{"line":115,"column":18},"end":{"line":115,"column":52}},"18":{"start":{"line":127,"column":18},"end":{"line":127,"column":48}},"19":{"start":{"line":133,"column":18},"end":{"line":133,"column":48}},"20":{"start":{"line":149,"column":10},"end":{"line":149,"column":40}}},"fnMap":{"0":{"name":"(anonymous_0)","decl":{"start":{"line":41,"column":25},"end":{"line":41,"column":26}},"loc":{"start":{"line":41,"column":31},"end":{"line":157,"column":1}},"line":41},"1":{"name":"(anonymous_1)","decl":{"start":{"line":49,"column":4},"end":{"line":49,"column":5}},"loc":{"start":{"line":49,"column":36},"end":{"line":83,"column":5}},"line":49},"2":{"name":"(anonymous_2)","decl":{"start":{"line":114,"column":33},"end":{"line":114,"column":34}},"loc":{"start":{"line":114,"column":39},"end":{"line":116,"column":17}},"line":114},"3":{"name":"(anonymous_3)","decl":{"start":{"line":126,"column":33},"end":{"line":126,"column":34}},"loc":{"start":{"line":126,"column":39},"end":{"line":128,"column":17}},"line":126},"4":{"name":"(anonymous_4)","decl":{"start":{"line":132,"column":25},"end":{"line":132,"column":26}},"loc":{"start":{"line":132,"column":31},"end":{"line":134,"column":17}},"line":132},"5":{"name":"(anonymous_5)","decl":{"start":{"line":140,"column":37},"end":{"line":140,"column":38}},"loc":{"start":{"line":140,"column":43},"end":{"line":140,"column":45}},"line":140},"6":{"name":"(anonymous_6)","decl":{"start":{"line":148,"column":17},"end":{"line":148,"column":18}},"loc":{"start":{"line":148,"column":23},"end":{"line":150,"column":9}},"line":148}},"branchMap":{"0":{"loc":{"start":{"line":71,"column":8},"end":{"line":76,"column":9}},"type":"if","locations":[{"start":{"line":71,"column":8},"end":{"line":76,"column":9}},{"start":{"line":71,"column":8},"end":{"line":76,"column":9}}],"line":71},"1":{"loc":{"start":{"line":91,"column":18},"end":{"line":91,"column":63}},"type":"cond-expr","locations":[{"start":{"line":91,"column":42},"end":{"line":91,"column":51}},{"start":{"line":91,"column":54},"end":{"line":91,"column":63}}],"line":91}},"s":{"0":1,"1":1,"2":1,"3":1,"4":1,"5":1,"6":0,"7":0,"8":0,"9":0,"10":0,"11":0,"12":0,"13":0,"14":0,"15":0,"16":1,"17":0,"18":0,"19":0,"20":0},"f":{"0":1,"1":0,"2":0,"3":0,"4":0,"5":0,"6":0},"b":{"0":[0,0],"1":[1,0]},"_coverageSchema":"1a1c01bbd47fc00a2c39e90264f33305004495a9","hash":"5498f994d226b0bef4d64420ed9e76e7e9b388c7"}
,"/Users/pclink/Documents/BootcampRocketseat/fundamentos-dev/appgobarber/src/pages/SignUp/index.tsx": {"path":"/Users/pclink/Documents/BootcampRocketseat/fundamentos-dev/appgobarber/src/pages/SignUp/index.tsx","statementMap":{"0":{"start":{"line":33,"column":25},"end":{"line":151,"column":1}},"1":{"start":{"line":34,"column":18},"end":{"line":34,"column":43}},"2":{"start":{"line":35,"column":21},"end":{"line":35,"column":36}},"3":{"start":{"line":37,"column":24},"end":{"line":37,"column":47}},"4":{"start":{"line":38,"column":27},"end":{"line":38,"column":50}},"5":{"start":{"line":40,"column":23},"end":{"line":76,"column":16}},"6":{"start":{"line":41,"column":4},"end":{"line":75,"column":5}},"7":{"start":{"line":43,"column":8},"end":{"line":43,"column":39}},"8":{"start":{"line":44,"column":23},"end":{"line":48,"column":10}},"9":{"start":{"line":50,"column":8},"end":{"line":52,"column":11}},"10":{"start":{"line":54,"column":8},"end":{"line":54,"column":39}},"11":{"start":{"line":56,"column":8},"end":{"line":59,"column":9}},"12":{"start":{"line":61,"column":8},"end":{"line":61,"column":28}},"13":{"start":{"line":64,"column":8},"end":{"line":69,"column":9}},"14":{"start":{"line":65,"column":27},"end":{"line":65,"column":51}},"15":{"start":{"line":66,"column":12},"end":{"line":66,"column":47}},"16":{"start":{"line":68,"column":12},"end":{"line":68,"column":19}},"17":{"start":{"line":71,"column":8},"end":{"line":74,"column":10}},"18":{"start":{"line":78,"column":2},"end":{"line":150,"column":4}},"19":{"start":{"line":104,"column":18},"end":{"line":104,"column":49}},"20":{"start":{"line":118,"column":18},"end":{"line":118,"column":52}},"21":{"start":{"line":131,"column":18},"end":{"line":131,"column":48}},"22":{"start":{"line":135,"column":39},"end":{"line":135,"column":68}},"23":{"start":{"line":143,"column":10},"end":{"line":143,"column":30}}},"fnMap":{"0":{"name":"(anonymous_0)","decl":{"start":{"line":33,"column":25},"end":{"line":33,"column":26}},"loc":{"start":{"line":33,"column":31},"end":{"line":151,"column":1}},"line":33},"1":{"name":"(anonymous_1)","decl":{"start":{"line":40,"column":35},"end":{"line":40,"column":36}},"loc":{"start":{"line":40,"column":67},"end":{"line":76,"column":1}},"line":40},"2":{"name":"(anonymous_2)","decl":{"start":{"line":103,"column":33},"end":{"line":103,"column":34}},"loc":{"start":{"line":103,"column":39},"end":{"line":105,"column":17}},"line":103},"3":{"name":"(anonymous_3)","decl":{"start":{"line":117,"column":33},"end":{"line":117,"column":34}},"loc":{"start":{"line":117,"column":39},"end":{"line":119,"column":17}},"line":117},"4":{"name":"(anonymous_4)","decl":{"start":{"line":130,"column":33},"end":{"line":130,"column":34}},"loc":{"start":{"line":130,"column":39},"end":{"line":132,"column":17}},"line":130},"5":{"name":"(anonymous_5)","decl":{"start":{"line":135,"column":31},"end":{"line":135,"column":32}},"loc":{"start":{"line":135,"column":37},"end":{"line":135,"column":70}},"line":135},"6":{"name":"(anonymous_6)","decl":{"start":{"line":142,"column":17},"end":{"line":142,"column":18}},"loc":{"start":{"line":142,"column":23},"end":{"line":144,"column":9}},"line":142}},"branchMap":{"0":{"loc":{"start":{"line":64,"column":8},"end":{"line":69,"column":9}},"type":"if","locations":[{"start":{"line":64,"column":8},"end":{"line":69,"column":9}},{"start":{"line":64,"column":8},"end":{"line":69,"column":9}}],"line":64},"1":{"loc":{"start":{"line":82,"column":18},"end":{"line":82,"column":63}},"type":"cond-expr","locations":[{"start":{"line":82,"column":42},"end":{"line":82,"column":51}},{"start":{"line":82,"column":54},"end":{"line":82,"column":63}}],"line":82}},"s":{"0":0,"1":0,"2":0,"3":0,"4":0,"5":0,"6":0,"7":0,"8":0,"9":0,"10":0,"11":0,"12":0,"13":0,"14":0,"15":0,"16":0,"17":0,"18":0,"19":0,"20":0,"21":0,"22":0,"23":0},"f":{"0":0,"1":0,"2":0,"3":0,"4":0,"5":0,"6":0},"b":{"0":[0,0],"1":[0,0]}}
}
